<?xml version="1.0" encoding="UTF-8"?>
<!-- Generated by org.testng.reporters.JUnitReportReporter -->
<testsuite hostname="C1MD24482" name="testCase.AutoComplete" tests="1" failures="0" timestamp="22 Aug 2016 05:25:28 GMT" time="13.321" errors="0">
  <testcase name="findOptions" time="13.321" classname="testCase.AutoComplete"/>
</testsuite> <!-- testCase.AutoComplete -->
