<?xml version="1.0" encoding="UTF-8"?>
<!-- Generated by org.testng.reporters.JUnitReportReporter -->
<testsuite hostname="C1MD24482" name="testCase.TypeAheadModule" tests="2" failures="0" timestamp="24 Aug 2016 09:16:30 GMT" time="0.294" errors="0">
  <testcase name="displayContent" time="0.106" classname="testCase.TypeAheadModule"/>
  <testcase name="selectOption" time="0.188" classname="testCase.TypeAheadModule"/>
</testsuite> <!-- testCase.TypeAheadModule -->
