<?xml version="1.0" encoding="UTF-8"?>
<!-- Generated by org.testng.reporters.JUnitReportReporter -->
<testsuite hostname="C1MD24482" name="testCase.FullFlowModule" tests="1" failures="0" timestamp="25 Aug 2016 09:30:12 GMT" time="22.183" errors="0">
  <testcase name="selectDress" time="22.183" classname="testCase.FullFlowModule"/>
</testsuite> <!-- testCase.FullFlowModule -->
