<?xml version="1.0" encoding="UTF-8"?>
<!-- Generated by org.testng.reporters.JUnitReportReporter -->
<testsuite hostname="C1MD24482" name="testCase.contactUs" tests="2" failures="0" timestamp="23 Aug 2016 06:38:54 GMT" time="29.429" errors="0">
  <testcase name="sendMessage" time="2.632" classname="testCase.contactUs"/>
  <testcase name="contactTest" time="26.797" classname="testCase.contactUs"/>
</testsuite> <!-- testCase.contactUs -->
