<?xml version="1.0" encoding="UTF-8"?>
<!-- Generated by org.testng.reporters.JUnitReportReporter -->
<testsuite hostname="C1MD24482" name="testCase.FirstTest" tests="1" failures="0" timestamp="23 Aug 2016 08:30:44 GMT" time="16.558" errors="0">
  <testcase name="SelectItem" time="16.558" classname="testCase.FirstTest"/>
</testsuite> <!-- testCase.FirstTest -->
