<?xml version="1.0" encoding="UTF-8"?>
<!-- Generated by org.testng.reporters.JUnitReportReporter -->
<testsuite hostname="C1MD24482" name="testCase.TestCart" tests="1" failures="0" timestamp="24 Aug 2016 10:29:12 GMT" time="36.820" errors="0">
  <testcase name="SelectDress" time="36.820" classname="testCase.TestCart"/>
</testsuite> <!-- testCase.TestCart -->
