<?xml version="1.0" encoding="UTF-8"?>
<!-- Generated by org.testng.reporters.JUnitReportReporter -->
<testsuite hostname="C1MD24482" name="testCase.CreateAccount" tests="3" failures="0" timestamp="24 Aug 2016 08:40:48 GMT" time="27.593" errors="0">
  <testcase name="createAccount" time="5.727" classname="testCase.CreateAccount"/>
  <testcase name="createAccount" time="3.293" classname="testCase.CreateAccount"/>
  <testcase name="createAccount" time="18.573" classname="testCase.CreateAccount"/>
</testsuite> <!-- testCase.CreateAccount -->
