<?xml version="1.0" encoding="UTF-8"?>
<!-- Generated by org.testng.reporters.JUnitReportReporter -->
<testsuite hostname="C1MD24482" name="testCase.CategorySelect" tests="1" failures="0" timestamp="24 Aug 2016 10:29:12 GMT" time="46.573" errors="0">
  <testcase name="selectitem" time="46.573" classname="testCase.CategorySelect"/>
</testsuite> <!-- testCase.CategorySelect -->
